   1              	# 0 "./src/uprcase.s"
   2              	# 1 "C:\\Users\\eogha\\OneDrive\\Desktop\\VS_Code\\CSU11021\\1455-uprcase//"
   0              	
   0              	
   0              	
   1              	  .syntax unified
   2              	  .cpu cortex-m3
   3              	  .fpu softvfp
   4              	  .thumb
   5              	  
   6              	  .global  Main
   7              	
   8              	Main:
   9              	
  10              	  @ Convert the character in R0 to upper case
  11              	
  12              	  @ *** your solution goes here ***
  13              	
  14 0000 6128     	  CMP R0, 'a'
  15 0002 03D3     	  BLO EndIfLc
  16 0004 7A28     	  CMP R0, 'z'
  17 0006 01D2     	  BHS EndIfLc
  18 0008 A0F12000 	  SUB R0, R0, #0x20
  19              	EndIfLc:
  20              	
  21              	  @ End of program ... check your result
  22              	
  23              	End_Main:
  24 000c 7047     	  BX    LR
  25              	
  26              	  .end...
DEFINED SYMBOLS
     ./src/uprcase.s:8      .text:0000000000000000 Main
     ./src/uprcase.s:14     .text:0000000000000000 $t
     ./src/uprcase.s:19     .text:000000000000000c EndIfLc
     ./src/uprcase.s:23     .text:000000000000000c End_Main

NO UNDEFINED SYMBOLS
