   1              	# 0 "./src/cubic.s"
   2              	# 1 "C:\\Users\\eogha\\OneDrive\\Desktop\\VS_Code\\CSU11021\\1290-cubic//"
   0              	
   0              	
   0              	
   1              	  .syntax unified
   2              	  .cpu cortex-m3
   3              	  .fpu softvfp
   4              	  .thumb
   5              	  
   6              	  .global  Main
   7              	
   8              	Main:
   9              	
  10              	  @
  11              	  @ Write a program to compute ax^3+bx^2+cx+d
  12              	  @   where x, a, b, c, and d are values in R1, R2, R3, R4 and R5 respectively
  13              	  @
  14              	  @ Store your result in R0
  15              	  @
  16              	
  17              	  @ *** your program goes here ***
  18              	
  19 0000 01FB01F6 	  MUL R6, R1, R1  @R6 = x^2
  20 0004 06FB01F7 	  MUL R7, R6, R1
  21 0008 07FB02F7 	  MUL R7, R7, R2  @R7 =ax^3
  22              	
  23 000c 03FB06F8 	  MUL R8, R3, R6  @R8 = bx^2
  24              	
  25 0010 04FB01F9 	  MUL R9, R4, R1  @R9 = cx
  26              	
  27 0014 07EB0800 	  ADD R0, R7, R8
  28 0018 4844     	  ADD R0, R0, R9
  29 001a 2844     	  ADD R0, R0, R5  @R0 = ax^3+bx^2+cx+d
  30              	
  31              	  @ End of program ... check your result
  32              	
  33              	End_Main:
  34 001c 7047     	  BX    LR
  35              	
  36              	  .end...
DEFINED SYMBOLS
       ./src/cubic.s:8      .text:0000000000000000 Main
       ./src/cubic.s:19     .text:0000000000000000 $t
       ./src/cubic.s:33     .text:000000000000001c End_Main

NO UNDEFINED SYMBOLS
