   1              	# 0 "./src/arithmetic.s"
   2              	# 1 "C:\\Users\\eogha\\OneDrive\\Desktop\\VS_Code\\CSU11021\\1220-arithmetic//"
   0              	
   0              	
   0              	
   1              	  .syntax unified
   2              	  .cpu cortex-m3
   3              	  .thumb
   4              	  .global  Main
   5              	
   6              	Main:
   7              	  
   8              	  @ Write a program to compute 4x^2+3x
   9              	
  10              	  @ *** your program goes here ***
  11 0000 01FB01F2 	  MUL R2, R1, R1
  12 0004 4FF00403 	  MOV R3, #4
  13 0008 02FB03F2 	  MUL R2, R2, R3
  14              	
  15 000c 4FF00303 	  MOV R3, #3
  16 0010 03FB01F3 	  MUL R3, R3, R1
  17 0014 03EB0204 	  ADD R4, R3, R2
  18              	  @ End of program ... check your result
  19              	
  20              	End_Main:
  21 0018 7047     	  BX    lr
DEFINED SYMBOLS
  ./src/arithmetic.s:6      .text:0000000000000000 Main
  ./src/arithmetic.s:11     .text:0000000000000000 $t
  ./src/arithmetic.s:20     .text:0000000000000018 End_Main

NO UNDEFINED SYMBOLS
