   1              	# 0 "./src/ifand.s"
   2              	# 1 "C:\\Users\\eogha\\OneDrive\\Desktop\\VS_Code\\CSU11021\\1480-ifand//"
   0              	
   0              	
   0              	
   1              	  .syntax unified
   2              	  .cpu cortex-m3
   3              	  .fpu softvfp
   4              	  .thumb
   5              	  
   6              	  .global  Main
   7              	
   8              	Main:
   9              	
  10              	  @ Translate the pseudocode below into ARM Assembly Langauge.
  11              	  @ Assume ch is an ASCII character in R0.
  12              	
  13              	  @ if (ch >= 'A' && ch <= 'Z') {
  14              	  @ 	ch = ch + 0x20;
  15              	  @ }
  16              	
  17              	  @ *** your solution goes here ***
  18              	
  19 0000 4128     	  CMP R0, 'A'
  20 0002 03D3     	  BLO EndIfState
  21 0004 5A28     	  CMP R0, 'Z'
  22 0006 01D8     	  BHI EndIfState
  23 0008 00F12000 	  ADD R0, R0, #0x20
  24              	
  25              	EndIfState:
  26              	
  27              	  @ End of program ... check your result
  28              	
  29              	End_Main:
  30 000c 7047     	  BX    LR
  31              	
  32              	  .end...
DEFINED SYMBOLS
       ./src/ifand.s:8      .text:0000000000000000 Main
       ./src/ifand.s:19     .text:0000000000000000 $t
       ./src/ifand.s:25     .text:000000000000000c EndIfState
       ./src/ifand.s:29     .text:000000000000000c End_Main

NO UNDEFINED SYMBOLS
