   1              	# 0 "./src/ifor.s"
   2              	# 1 "C:\\Users\\eogha\\OneDrive\\Desktop\\VS_Code\\CSU11021\\1485-ifor//"
   0              	
   0              	
   0              	
   1              	  .syntax unified
   2              	  .cpu cortex-m3
   3              	  .fpu softvfp
   4              	  .thumb
   5              	  
   6              	  .global  Main
   7              	
   8              	Main:
   9              	
  10              	  @ Translate the pseudocode below into ARM Assembly Language.
  11              	  @ Assume ch is an ASCII character code in R1 and v is a value in R0.
  12              	
  13              	  @ if (ch=='a' || ch=='e' || ch=='i' || ch=='o' || ch=='u')
  14              	  @ {
  15              	  @ 	v = 1;
  16              	  @ }
  17              	  @ else
  18              	  @ {
  19              	  @ 	v = 0;
  20              	  @ }
  21              	
  22              	  @ *** your solution goes here ***
  23              	
  24 0000 6129     	  CMP R1, 'a'
  25 0002 07D0     	  BEQ Equals
  26 0004 6529     	  CMP R1, 'e'
  27 0006 05D0     	  BEQ Equals
  28 0008 6929     	  CMP R1, 'i'
  29 000a 03D0     	  BEQ Equals
  30 000c 6F29     	  CMP R1, 'o'
  31 000e 01D0     	  BEQ Equals
  32 0010 7529     	  CMP R1, 'u'
  33 0012 02D1     	  BNE EndIfState
  34              	
  35              	Equals:
  36 0014 4FF00100 	  MOV R0, #1
  37 0018 02E0     	  B   Fin
  38              	  
  39              	EndIfState:
  40 001a 4FF00000 	  MOV R0, #0
  41 001e FFE7     	  B   Fin
  42              	
  43              	Fin:
  44              	
  45              	  @ End of program ... check your result
  46              	
  47              	End_Main:
  48 0020 7047     	  BX    LR
  49              	
  50              	  .end...
DEFINED SYMBOLS
        ./src/ifor.s:8      .text:0000000000000000 Main
        ./src/ifor.s:24     .text:0000000000000000 $t
        ./src/ifor.s:35     .text:0000000000000014 Equals
        ./src/ifor.s:39     .text:000000000000001a EndIfState
        ./src/ifor.s:43     .text:0000000000000020 Fin
        ./src/ifor.s:47     .text:0000000000000020 End_Main

NO UNDEFINED SYMBOLS
