   1              	# 0 "./src/ifelse.s"
   2              	# 1 "C:\\Users\\eogha\\OneDrive\\Desktop\\VS_Code\\CSU11021\\1460-ifelse//"
   0              	
   0              	
   0              	
   1              	  .syntax unified
   2              	  .cpu cortex-m3
   3              	  .fpu softvfp
   4              	  .thumb
   5              	  
   6              	  .global  Main
   7              	
   8              	Main:
   9              	
  10              	  @ Translate the pseudocode below into ARM Assembly Language.
  11              	  @ Assume a and b are values in R1 and R2 and r is a value in R0.
  12              	
  13 0000 9142     	  CMP R1, R2  @ if (a < b)
  14 0002 01D8     	  BHI ElseStatement  @ {
  15 0004 0846     	  MOV R0, R1  @   r = a;
  16 0006 01E0     	  B   EndIfStatement  @ }
  17              	
  18              	ElseStatement:  @ else {
  19 0008 1046     	  MOV R0, R2  @   r = b;
  20 000a FFE7     	  B   EndIfStatement @ }
  21              	
  22              	EndIfStatement:
  23              	
  24              	
  25              	  @ End of program ... check your result
  26              	
  27              	End_Main:
  28 000c 7047     	  BX    LR
  29              	
  30              	  .end...
DEFINED SYMBOLS
      ./src/ifelse.s:8      .text:0000000000000000 Main
      ./src/ifelse.s:13     .text:0000000000000000 $t
      ./src/ifelse.s:18     .text:0000000000000008 ElseStatement
      ./src/ifelse.s:22     .text:000000000000000c EndIfStatement
      ./src/ifelse.s:27     .text:000000000000000c End_Main

NO UNDEFINED SYMBOLS
