   1              	# 0 "./src/power.s"
   2              	# 1 "C:\\Users\\eogha\\OneDrive\\Desktop\\CollegeShite\\VS_Code\\CSU11021\\1410-power//"
   0              	
   0              	
   0              	
   1              	  .syntax unified
   2              	  .cpu cortex-m3
   3              	  .fpu softvfp
   4              	  .thumb
   5              	  
   6              	  .global  Main
   7              	
   8              	Main:
   9              	
  10              	  @ Write a program to compute x^y
  11              	
  12 0000 4FF00100 	  MOV     R0, #1          @ result = 1
  13              	While:
  14 0004 002A     	  CMP     R2, #0
  15 0006 04D0     	  BEQ     EndWh           @ while (y != 0) {
  16 0008 00FB01F0 	  MUL     R0, R0, R1      @  result = result × x
  17 000c A2F10102 	  SUB     R2, R2, #1      @  y = y - 1
  18 0010 F8E7     	  B       While           @ }
  19              	EndWh:
  20              	
  21              	  @ End of program ... check your result
  22              	
  23              	End_Main:
  24 0012 7047     	  BX    LR
  25              	
  26              	  .end...
DEFINED SYMBOLS
       ./src/power.s:8      .text:0000000000000000 Main
       ./src/power.s:12     .text:0000000000000000 $t
       ./src/power.s:13     .text:0000000000000004 While
       ./src/power.s:19     .text:0000000000000012 EndWh
       ./src/power.s:23     .text:0000000000000012 End_Main

NO UNDEFINED SYMBOLS
