   1              	# 0 "./src/factorial.s"
   2              	# 1 "C:\\Users\\eogha\\OneDrive\\Desktop\\VS_Code\\CSU11021\\1440-factorial//"
   0              	
   0              	
   0              	
   1              	  .syntax unified
   2              	  .cpu cortex-m3
   3              	  .fpu softvfp
   4              	  .thumb
   5              	  
   6              	  .global  Main
   7              	
   8              	Main:
   9              	
  10              	  @ Write a program to compute n! where n is a value in R1
  11              	
  12              	  @ *** your program goes here ***
  13              	
  14 0000 4FF00100 	  MOV R0, #1
  15 0004 0A46     	  MOV R2, R1
  16              	WhileMul:
  17 0006 012A     	  CMP R2, #1
  18 0008 04D9     	  BLS EndWhMul
  19 000a 00FB02F0 	  MUL R0, R0, R2
  20 000e A2F10102 	  SUB R2, R2, #1
  21 0012 F8E7     	  B   WhileMul
  22              	EndWhMul:
  23              	
  24              	  @ End of program ... check your result
  25              	
  26              	End_Main:
  27 0014 7047     	  BX    LR
  28              	
  29              	  .end...
DEFINED SYMBOLS
   ./src/factorial.s:8      .text:0000000000000000 Main
   ./src/factorial.s:14     .text:0000000000000000 $t
   ./src/factorial.s:16     .text:0000000000000006 WhileMul
   ./src/factorial.s:22     .text:0000000000000014 EndWhMul
   ./src/factorial.s:26     .text:0000000000000014 End_Main

NO UNDEFINED SYMBOLS
